\BOOKMARK [1][-]{section.1}{\376\377\000I\000N\000T\000R\000O\000D\000U\000C\000T\000I\000O\000N}{}% 1
\BOOKMARK [2][-]{subsection.1.1}{\376\377\000S\000t\000u\000d\000i\000e\000d\000\040\000c\000o\000m\000p\000o\000u\000n\000d\000s}{section.1}% 2
\BOOKMARK [3][-]{subsubsection.1.1.1}{\376\377\000P\000o\000l\000y\000l\000a\000c\000t\000i\000c\000\040\000a\000c\000i\000d}{subsection.1.1}% 3
\BOOKMARK [3][-]{subsubsection.1.1.2}{\376\377\000A\000c\000t\000i\000v\000e\000\040\000p\000h\000a\000r\000m\000a\000c\000e\000u\000t\000i\000c\000a\000l\000\040\000i\000n\000g\000r\000e\000d\000i\000e\000n\000t\000s}{subsection.1.1}% 4
\BOOKMARK [2][-]{subsection.1.2}{\376\377\000O\000b\000j\000e\000c\000t\000i\000v\000e}{section.1}% 5
\BOOKMARK [1][-]{section.2}{\376\377\000T\000H\000E\000O\000R\000E\000T\000I\000C\000A\000L\000\040\000P\000A\000R\000T}{}% 6
\BOOKMARK [2][-]{subsection.2.1}{\376\377\000F\000o\000r\000c\000e\000\040\000f\000i\000e\000l\000d\000s}{section.2}% 7
\BOOKMARK [3][-]{subsubsection.2.1.1}{\376\377\000O\000P\000L\000S}{subsection.2.1}% 8
\BOOKMARK [3][-]{subsubsection.2.1.2}{\376\377\000P\000o\000l\000a\000r\000i\000z\000a\000b\000l\000e\000\040\000F\000o\000r\000c\000e\000\040\000F\000i\000e\000l\000d\000s}{subsection.2.1}% 9
\BOOKMARK [2][-]{subsection.2.2}{\376\377\000M\000o\000l\000e\000c\000u\000l\000a\000r\000\040\000d\000y\000n\000a\000m\000i\000c\000s}{section.2}% 10
\BOOKMARK [3][-]{subsubsection.2.2.1}{\376\377\000V\000e\000r\000l\000e\000t\000\040\000i\000n\000t\000e\000g\000r\000a\000t\000i\000o\000n}{subsection.2.2}% 11
\BOOKMARK [3][-]{subsubsection.2.2.2}{\376\377\000V\000e\000l\000o\000c\000i\000t\000y\000\040\000V\000e\000r\000l\000e\000t}{subsection.2.2}% 12
\BOOKMARK [3][-]{subsubsection.2.2.3}{\376\377\000C\000o\000n\000s\000t\000r\000a\000i\000n\000t\000\040\000d\000y\000n\000a\000m\000i\000c\000s}{subsection.2.2}% 13
\BOOKMARK [3][-]{subsubsection.2.2.4}{\376\377\000S\000H\000A\000K\000E\000\040\000a\000l\000g\000o\000r\000i\000t\000h\000m}{subsection.2.2}% 14
\BOOKMARK [2][-]{subsection.2.3}{\376\377\000t\000i\000t\000l\000e}{section.2}% 15
\BOOKMARK [1][-]{section.3}{\376\377\000C\000O\000M\000P\000U\000T\000A\000T\000I\000O\000N\000A\000L\000\040\000M\000E\000T\000H\000O\000D\000S}{}% 16
\BOOKMARK [1][-]{section.4}{\376\377\000R\000E\000S\000U\000L\000T\000S\000\040\000A\000N\000D\000\040\000D\000I\000S\000C\000U\000S\000S\000I\000O\000N}{}% 17
\BOOKMARK [2][-]{subsection.4.1}{\376\377\000S\000i\000m\000u\000l\000a\000t\000i\000o\000n\000s\000\040\000o\000f\000\040\000A\000P\000I}{section.4}% 18
\BOOKMARK [2][-]{subsection.4.2}{\376\377\000S\000i\000m\000u\000l\000a\000t\000i\000o\000n\000s\000\040\000o\000f\000\040\000m\000i\000x\000t\000u\000r\000e\000s\000\040\000o\000f\000\040\000A\000P\000I\000s\000\040\000a\000n\000d\000\040\000P\000L\000A}{section.4}% 19
\BOOKMARK [3][-]{subsubsection.4.2.1}{\376\377\000D\000i\000f\000f\000u\000s\000i\000o\000n\000\040\000c\000o\000e\000f\000f\000i\000c\000i\000e\000n\000t\000s}{subsection.4.2}% 20
\BOOKMARK [3][-]{subsubsection.4.2.2}{\376\377\000R\000a\000d\000i\000a\000l\000\040\000d\000i\000s\000t\000r\000i\000b\000u\000t\000i\000o\000n\000\040\000f\000u\000n\000c\000t\000i\000o\000n\000s}{subsection.4.2}% 21
\BOOKMARK [2][-]{subsection.4.3}{\376\377\000S\000m\000e\000s\000i\000\040\000s\000\040\000p\000o\000l\000a\000r\000i\000z\000o\000v\000a\000n\000y\000m\000\040\000p\000o\000l\000e\000m}{section.4}% 22
\BOOKMARK [1][-]{section.5}{\376\377\000C\000a\000l\000c\000u\000l\000a\000t\000e\000d\000\040\000p\000r\000o\000p\000e\000r\000t\000i\000e\000s\000\040\000o\000f\000\040\000m\000i\000x\000t\000u\000r\000e\000s}{}% 23
\BOOKMARK [2][-]{subsubsection.5.0.1}{\376\377\000d\000o\000d\000a\000t\000k\000o\000v\000e\000\040\000e\000n\000e\000r\000g\000i\000e\000\040\000a\000\040\000o\000b\000j\000e\000m\000y}{section.5}% 24
\BOOKMARK [3][-]{subsubsection.5.0.2}{\376\377\000T\000g\000\040\000s\000k\000e\000l\000n\000y\000\040\000p\000r\000e\000c\000h\000o\000d}{subsubsection.5.0.1}% 25
\BOOKMARK [1][-]{section.6}{\376\377\000C\000O\000N\000C\000L\000U\000S\000I\000O\000N}{}% 26
\BOOKMARK [1][-]{section.6}{\376\377\000R\000E\000F\000E\000R\000E\000N\000C\000E\000S}{}% 27
\BOOKMARK [1][-]{section.6}{\376\377\000L\000i\000s\000t\000\040\000o\000f\000\040\000A\000b\000b\000r\000e\000v\000i\000a\000t\000i\000o\000n\000s}{}% 28
\BOOKMARK [1][-]{section.6}{\376\377\000L\000i\000s\000t\000\040\000o\000f\000\040\000S\000y\000m\000b\000o\000l\000s}{}% 29
\BOOKMARK [1][-]{section.6}{\376\377\000L\000i\000s\000t\000\040\000o\000f\000\040\000T\000a\000b\000l\000e\000s}{}% 30
\BOOKMARK [1][-]{section.6}{\376\377\000L\000i\000s\000t\000\040\000o\000f\000\040\000F\000i\000g\000u\000r\000e\000s}{}% 31
\BOOKMARK [1][-]{appendix.1.A}{\376\377\000A\000p\000p\000e\000n\000d\000i\000x\000\040\000H\000e\000a\000d\000l\000i\000n\000e}{}% 32
