This is pdfTeX, Version 3.141592653-2.6-1.40.25 (TeX Live 2023/TeX Live for SUSE Linux) (preloaded format=pdflatex 2024.2.28)  1 MAR 2024 18:53
entering extended mode
 restricted \write18 enabled.
 %&-line parsing enabled.
**sablona-prace.tex
(./sablona-prace.tex
LaTeX2e <2022-11-01> patch level 1
L3 programming layer <2023-02-22> (/usr/share/texmf/tex/latex/base/report.cls
Document Class: report 2022/07/02 v1.4n Standard LaTeX document class
(/usr/share/texmf/tex/latex/base/size12.clo
File: size12.clo 2022/07/02 v1.4n Standard LaTeX file (size option)
)
\c@part=\count185
\c@chapter=\count186
\c@section=\count187
\c@subsection=\count188
\c@subsubsection=\count189
\c@paragraph=\count190
\c@subparagraph=\count191
\c@figure=\count192
\c@table=\count193
\abovecaptionskip=\skip48
\belowcaptionskip=\skip49
\bibindent=\dimen140
)
(/usr/share/texmf/tex/latex/base/inputenc.sty
Package: inputenc 2021/02/14 v1.3d Input encoding file
\inpenc@prehook=\toks16
\inpenc@posthook=\toks17
)
(/usr/share/texmf/tex/latex/geometry/geometry.sty
Package: geometry 2020/01/02 v5.9 Page Geometry

(/usr/share/texmf/tex/latex/graphics/keyval.sty
Package: keyval 2022/05/29 v1.15 key=value parser (DPC)
\KV@toks@=\toks18
)
(/usr/share/texmf/tex/generic/iftex/ifvtex.sty
Package: ifvtex 2019/10/25 v1.7 ifvtex legacy package. Use iftex instead.

(/usr/share/texmf/tex/generic/iftex/iftex.sty
Package: iftex 2022/02/03 v1.0f TeX engine tests
))
\Gm@cnth=\count194
\Gm@cntv=\count195
\c@Gm@tempcnt=\count196
\Gm@bindingoffset=\dimen141
\Gm@wd@mp=\dimen142
\Gm@odd@mp=\dimen143
\Gm@even@mp=\dimen144
\Gm@layoutwidth=\dimen145
\Gm@layoutheight=\dimen146
\Gm@layouthoffset=\dimen147
\Gm@layoutvoffset=\dimen148
\Gm@dimlist=\toks19
)
(/usr/share/texmf/tex/latex/sectsty/sectsty.sty
Package: sectsty 2002/02/25 v2.0.2 Commands to change all sectional heading sty
les


LaTeX Warning: Command \underbar  has changed.
               Check if current package is valid.


LaTeX Warning: Command \underline  has changed.
               Check if current package is valid.

) (/usr/share/texmf/tex/latex/graphics/graphicx.sty
Package: graphicx 2021/09/16 v1.2d Enhanced LaTeX Graphics (DPC,SPQR)

(/usr/share/texmf/tex/latex/graphics/graphics.sty
Package: graphics 2022/03/10 v1.4e Standard LaTeX Graphics (DPC,SPQR)

(/usr/share/texmf/tex/latex/graphics/trig.sty
Package: trig 2021/08/11 v1.11 sin cos tan (DPC)
)
(/usr/share/texmf/tex/latex/graphics-cfg/graphics.cfg
File: graphics.cfg 2016/06/04 v1.11 sample graphics configuration
)
Package graphics Info: Driver file: pdftex.def on input line 107.

(/usr/share/texmf/tex/latex/graphics-def/pdftex.def
File: pdftex.def 2022/09/22 v1.2b Graphics/color driver for pdftex
))
\Gin@req@height=\dimen149
\Gin@req@width=\dimen150
)
(/usr/share/texmf/tex/latex/acronym/acronym.sty
Package: acronym 2020/04/17 v1.47 Support for acronyms (Tobias Oetiker)

(/usr/share/texmf/tex/latex/bigfoot/suffix.sty
Package: suffix 2006/07/15 1.5a Variant command support
)
(/usr/share/texmf/tex/generic/xstring/xstring.sty
(/usr/share/texmf/tex/generic/xstring/xstring.tex
\integerpart=\count197
\decimalpart=\count198
)
Package: xstring 2023/01/14 v1.85 String manipulations (CT)
)
\AC@clearlist=\toks20
)
(/usr/share/texmf/tex/latex/hyperref/hyperref.sty
Package: hyperref 2023-02-07 v7.00v Hypertext links for LaTeX

(/usr/share/texmf/tex/generic/ltxcmds/ltxcmds.sty
Package: ltxcmds 2020-05-10 v1.25 LaTeX kernel commands for general use (HO)
)
(/usr/share/texmf/tex/generic/pdftexcmds/pdftexcmds.sty
Package: pdftexcmds 2020-06-27 v0.33 Utility functions of pdfTeX for LuaTeX (HO
)

(/usr/share/texmf/tex/generic/infwarerr/infwarerr.sty
Package: infwarerr 2019/12/03 v1.5 Providing info/warning/error messages (HO)
)
Package pdftexcmds Info: \pdf@primitive is available.
Package pdftexcmds Info: \pdf@ifprimitive is available.
Package pdftexcmds Info: \pdfdraftmode found.
)
(/usr/share/texmf/tex/latex/kvsetkeys/kvsetkeys.sty
Package: kvsetkeys 2022-10-05 v1.19 Key value parser (HO)
)
(/usr/share/texmf/tex/generic/kvdefinekeys/kvdefinekeys.sty
Package: kvdefinekeys 2019-12-19 v1.6 Define keys (HO)
)
(/usr/share/texmf/tex/generic/pdfescape/pdfescape.sty
Package: pdfescape 2019/12/09 v1.15 Implements pdfTeX's escape features (HO)
)
(/usr/share/texmf/tex/latex/hycolor/hycolor.sty
Package: hycolor 2020-01-27 v1.10 Color options for hyperref/bookmark (HO)
)
(/usr/share/texmf/tex/latex/letltxmacro/letltxmacro.sty
Package: letltxmacro 2019/12/03 v1.6 Let assignment for LaTeX macros (HO)
)
(/usr/share/texmf/tex/latex/auxhook/auxhook.sty
Package: auxhook 2019-12-17 v1.6 Hooks for auxiliary files (HO)
)
(/usr/share/texmf/tex/latex/hyperref/nameref.sty
Package: nameref 2022-05-17 v2.50 Cross-referencing by name of section

(/usr/share/texmf/tex/latex/refcount/refcount.sty
Package: refcount 2019/12/15 v3.6 Data extraction from label references (HO)
)
(/usr/share/texmf/tex/generic/gettitlestring/gettitlestring.sty
Package: gettitlestring 2019/12/15 v1.6 Cleanup title references (HO)

(/usr/share/texmf/tex/latex/kvoptions/kvoptions.sty
Package: kvoptions 2022-06-15 v3.15 Key value format for package options (HO)
))
\c@section@level=\count199
)
\@linkdim=\dimen151
\Hy@linkcounter=\count266
\Hy@pagecounter=\count267

(/usr/share/texmf/tex/latex/hyperref/pd1enc.def
File: pd1enc.def 2023-02-07 v7.00v Hyperref: PDFDocEncoding definition (HO)
Now handling font encoding PD1 ...
... no UTF-8 mapping file for font encoding PD1
)
(/usr/share/texmf/tex/generic/intcalc/intcalc.sty
Package: intcalc 2019/12/15 v1.3 Expandable calculations with integers (HO)
)
(/usr/share/texmf/tex/generic/etexcmds/etexcmds.sty
Package: etexcmds 2019/12/15 v1.7 Avoid name clashes with e-TeX commands (HO)
)
\Hy@SavedSpaceFactor=\count268

(/usr/share/texmf/tex/latex/hyperref/puenc.def
File: puenc.def 2023-02-07 v7.00v Hyperref: PDF Unicode definition (HO)
Now handling font encoding PU ...
... no UTF-8 mapping file for font encoding PU
)
Package hyperref Info: Option `unicode' set `true' on input line 4060.
Package hyperref Info: Option `breaklinks' set `true' on input line 4060.
Package hyperref Info: Option `hypertexnames' set `false' on input line 4060.
Package hyperref Info: Hyper figures OFF on input line 4177.
Package hyperref Info: Link nesting OFF on input line 4182.
Package hyperref Info: Hyper index ON on input line 4185.
Package hyperref Info: Plain pages OFF on input line 4192.
Package hyperref Info: Backreferencing OFF on input line 4197.
Package hyperref Info: Implicit mode ON; LaTeX internals redefined.
Package hyperref Info: Bookmarks ON on input line 4425.
\c@Hy@tempcnt=\count269

(/usr/share/texmf/tex/latex/url/url.sty
\Urlmuskip=\muskip16
Package: url 2013/09/16  ver 3.4  Verb mode for urls, etc.
)
LaTeX Info: Redefining \url on input line 4763.
\XeTeXLinkMargin=\dimen152

(/usr/share/texmf/tex/generic/bitset/bitset.sty
Package: bitset 2019/12/09 v1.3 Handle bit-vector datatype (HO)

(/usr/share/texmf/tex/generic/bigintcalc/bigintcalc.sty
Package: bigintcalc 2019/12/15 v1.5 Expandable calculations on big integers (HO
)
))
\Fld@menulength=\count270
\Field@Width=\dimen153
\Fld@charsize=\dimen154
Package hyperref Info: Hyper figures OFF on input line 6042.
Package hyperref Info: Link nesting OFF on input line 6047.
Package hyperref Info: Hyper index ON on input line 6050.
Package hyperref Info: backreferencing OFF on input line 6057.
Package hyperref Info: Link coloring OFF on input line 6062.
Package hyperref Info: Link coloring with OCG OFF on input line 6067.
Package hyperref Info: PDF/A mode OFF on input line 6072.

(/usr/share/texmf/tex/latex/base/atbegshi-ltx.sty
Package: atbegshi-ltx 2021/01/10 v1.0c Emulation of the original atbegshi
package with kernel methods
)
\Hy@abspage=\count271
\c@Item=\count272
\c@Hfootnote=\count273
)
Package hyperref Info: Driver (autodetected): hpdftex.

(/usr/share/texmf/tex/latex/hyperref/hpdftex.def
File: hpdftex.def 2023-02-07 v7.00v Hyperref driver for pdfTeX

(/usr/share/texmf/tex/latex/base/atveryend-ltx.sty
Package: atveryend-ltx 2020/08/19 v1.0a Emulation of the original atveryend pac
kage
with kernel methods
)
\Fld@listcount=\count274
\c@bookmark@seq@number=\count275

(/usr/share/texmf/tex/latex/rerunfilecheck/rerunfilecheck.sty
Package: rerunfilecheck 2022-07-10 v1.10 Rerun checks for auxiliary files (HO)

(/usr/share/texmf/tex/generic/uniquecounter/uniquecounter.sty
Package: uniquecounter 2019/12/15 v1.4 Provide unlimited unique counter (HO)
)
Package uniquecounter Info: New unique counter `rerunfilecheck' on input line 2
85.
)
\Hy@SectionHShift=\skip50
)
(/usr/share/texmf/tex/latex/pdfpages/pdfpages.sty
Package: pdfpages 2022/12/19 v0.5x Insert pages of external PDF documents (AM)

(/usr/share/texmf/tex/latex/base/ifthen.sty
Package: ifthen 2022/04/13 v1.1d Standard LaTeX ifthen package (DPC)
)
(/usr/share/texmf/tex/latex/tools/calc.sty
Package: calc 2017/05/25 v4.3 Infix arithmetic (KKT,FJ)
\calc@Acount=\count276
\calc@Bcount=\count277
\calc@Adimen=\dimen155
\calc@Bdimen=\dimen156
\calc@Askip=\skip51
\calc@Bskip=\skip52
LaTeX Info: Redefining \setlength on input line 80.
LaTeX Info: Redefining \addtolength on input line 81.
\calc@Ccount=\count278
\calc@Cskip=\skip53
)
(/usr/share/texmf/tex/latex/eso-pic/eso-pic.sty
Package: eso-pic 2020/10/14 v3.0a eso-pic (RN)
\ESO@tempdima=\dimen157
\ESO@tempdimb=\dimen158

(/usr/share/texmf/tex/latex/xcolor/xcolor.sty
Package: xcolor 2022/06/12 v2.14 LaTeX color extensions (UK)

(/usr/share/texmf/tex/latex/graphics-cfg/color.cfg
File: color.cfg 2016/01/02 v1.6 sample color configuration
)
Package xcolor Info: Driver file: pdftex.def on input line 227.

(/usr/share/texmf/tex/latex/graphics/mathcolor.ltx)
Package xcolor Info: Model `cmy' substituted by `cmy0' on input line 1353.
Package xcolor Info: Model `hsb' substituted by `rgb' on input line 1357.
Package xcolor Info: Model `RGB' extended on input line 1369.
Package xcolor Info: Model `HTML' substituted by `rgb' on input line 1371.
Package xcolor Info: Model `Hsb' substituted by `hsb' on input line 1372.
Package xcolor Info: Model `tHsb' substituted by `hsb' on input line 1373.
Package xcolor Info: Model `HSB' substituted by `hsb' on input line 1374.
Package xcolor Info: Model `Gray' substituted by `gray' on input line 1375.
Package xcolor Info: Model `wave' substituted by `hsb' on input line 1376.
))
\AM@pagewidth=\dimen159
\AM@pageheight=\dimen160
\AM@fboxrule=\dimen161

(/usr/share/texmf/tex/latex/pdfpages/pppdftex.def
File: pppdftex.def 2022/12/19 v0.5x Pdfpages driver for pdfTeX (AM)
)
\pdfpages@includegraphics@status=\count279
\AM@pagebox=\box51
\AM@global@opts=\toks21
\AM@pagecnt=\count280
\AM@toc@title=\toks22
\AM@lof@heading=\toks23
\c@AM@survey=\count281
\AM@templatesizebox=\box52
)
(/usr/share/texmf/tex/latex/enumitem/enumitem.sty
Package: enumitem 2019/06/20 v3.9 Customized lists
\labelindent=\skip54
\enit@outerparindent=\dimen162
\enit@toks=\toks24
\enit@inbox=\box53
\enit@count@id=\count282
\enitdp@description=\count283
)
(/usr/share/texmf/tex/latex/cmap/cmap.sty
Package: cmap 2021/02/06 v1.0j CMap support: searchable PDF
)
(/usr/share/texmf/tex/generic/dirtree/dirtree.sty
Package: dirtree 2012/12/11 v0.32 package wrapper for dirtree

(/usr/share/texmf/tex/generic/dirtree/dirtree.tex
`dirtree' v0.32, 2012/12/11 (jcc)
\DT@offset=\dimen163
\DT@width=\dimen164
\DT@sep=\dimen165
\DT@all=\dimen166
\DT@rulewidth=\dimen167
\DT@dotwidth=\dimen168
\DTbaselineskip=\dimen169
\DT@counti=\count284
\DT@countii=\count285
\DT@countiii=\count286
\DT@countiv=\count287
\DT@indent=\dimen170
\DT@parskip=\dimen171
\DT@baselineskip=\dimen172
)
File: dirtree.tex 2012/12/11 v0.32 `dirtree' (jcc)
)
(/usr/share/texmf/tex/latex/listings/listings.sty
\lst@mode=\count288
\lst@gtempboxa=\box54
\lst@token=\toks25
\lst@length=\count289
\lst@currlwidth=\dimen173
\lst@column=\count290
\lst@pos=\count291
\lst@lostspace=\dimen174
\lst@width=\dimen175
\lst@newlines=\count292
\lst@lineno=\count293
\lst@maxwidth=\dimen176

(/usr/share/texmf/tex/latex/listings/lstmisc.sty
File: lstmisc.sty 2023/02/27 1.9 (Carsten Heinz)
\lst@fmtcurrindent=\dimen177
\lst@newlinesensured=\count294
\c@lstnumber=\count295
\lst@skipnumbers=\count296
\lst@framebox=\box55
)
(/usr/share/texmf/tex/latex/listings/listings.cfg
File: listings.cfg 2023/02/27 1.9 listings configuration
))
Package: listings 2023/02/27 1.9 (Carsten Heinz)

(/usr/share/texmf/tex/latex/listings/lstlang1.sty
File: lstlang1.sty 2023/02/27 1.9 listings language file
)
(/usr/share/texmf/tex/latex/listings/lstmisc.sty
File: lstmisc.sty 2023/02/27 1.9 (Carsten Heinz)
) (./nastaveni.tex
(./thesis.sty
Package: thesis 2023/10/06v4.09LaTeX document class


Styl 'thesis.sty' pro psani kvalifikacnich praci v(4.09) na VUT v Brne

\type@semestral=\count297
\type@bachelor=\count298
\type@diploma=\count299
\type@treatise=\count300
\type@phd=\count301
\lang@czech=\count302
\lang@slovak=\count303
\lang@english=\count304

LaTeX Warning: Typ prace zmenen na bakalarskou/Document type changed to bachelo
r.


Package 'thesis' Warning: Jazyk nastaven na:/Language changed to: 'english-czec
h' on input line 186.

(/usr/share/texmf/tex/generic/babel/babel.sty
Package: babel 2023/02/13 3.86 The Babel package
\babel@savecnt=\count305
\U@D=\dimen178
\l@unhyphenated=\language53

(/usr/share/texmf/tex/generic/babel/txtbabel.def)
\bbl@readstream=\read2
\bbl@dirlevel=\count306
Package babel Info: Main language set with 'main='. Except if you have
(babel)             problems, prefer the default mechanism for setting
(babel)             the main language. Reported on input line 4332.

(/usr/share/texmf/tex/generic/babel-czech/czech.ldf
Language: czech 2008/07/06 v3.1a Czech support from the babel system
Package babel Info: Making " an active character on input line 172.
\cs@wordlen=\count307
Package babel Info: Making - an active character on input line 226.
)
(/usr/share/texmf/tex/generic/babel-english/english.ldf
Language: english 2017/06/06 v3.3r English support from the babel system
Package babel Info: Hyphen rules for 'canadian' set to \l@english
(babel)             (\language0). Reported on input line 102.
Package babel Info: Hyphen rules for 'australian' set to \l@ukenglish
(babel)             (\language14). Reported on input line 105.
Package babel Info: Hyphen rules for 'newzealand' set to \l@ukenglish
(babel)             (\language14). Reported on input line 108.
))
(/usr/share/texmf/tex/generic/babel/locale/en/babel-english.tex
Package babel Info: Importing font and identification data for english
(babel)             from babel-en.ini. Reported on input line 11.
)
(/usr/share/texmf/tex/generic/babel/locale/cs/babel-czech.tex
Package babel Info: Importing font and identification data for czech
(babel)             from babel-cs.ini. Reported on input line 11.
)
(/usr/share/texmf/tex/latex/lm/lmodern.sty
Package: lmodern 2015/05/01 v1.6.1 Latin Modern Fonts
LaTeX Font Info:    Overwriting symbol font `operators' in version `normal'
(Font)                  OT1/cmr/m/n --> OT1/lmr/m/n on input line 22.
LaTeX Font Info:    Overwriting symbol font `letters' in version `normal'
(Font)                  OML/cmm/m/it --> OML/lmm/m/it on input line 23.
LaTeX Font Info:    Overwriting symbol font `symbols' in version `normal'
(Font)                  OMS/cmsy/m/n --> OMS/lmsy/m/n on input line 24.
LaTeX Font Info:    Overwriting symbol font `largesymbols' in version `normal'
(Font)                  OMX/cmex/m/n --> OMX/lmex/m/n on input line 25.
LaTeX Font Info:    Overwriting symbol font `operators' in version `bold'
(Font)                  OT1/cmr/bx/n --> OT1/lmr/bx/n on input line 26.
LaTeX Font Info:    Overwriting symbol font `letters' in version `bold'
(Font)                  OML/cmm/b/it --> OML/lmm/b/it on input line 27.
LaTeX Font Info:    Overwriting symbol font `symbols' in version `bold'
(Font)                  OMS/cmsy/b/n --> OMS/lmsy/b/n on input line 28.
LaTeX Font Info:    Overwriting symbol font `largesymbols' in version `bold'
(Font)                  OMX/cmex/m/n --> OMX/lmex/m/n on input line 29.
LaTeX Font Info:    Overwriting math alphabet `\mathbf' in version `normal'
(Font)                  OT1/cmr/bx/n --> OT1/lmr/bx/n on input line 31.
LaTeX Font Info:    Overwriting math alphabet `\mathsf' in version `normal'
(Font)                  OT1/cmss/m/n --> OT1/lmss/m/n on input line 32.
LaTeX Font Info:    Overwriting math alphabet `\mathit' in version `normal'
(Font)                  OT1/cmr/m/it --> OT1/lmr/m/it on input line 33.
LaTeX Font Info:    Overwriting math alphabet `\mathtt' in version `normal'
(Font)                  OT1/cmtt/m/n --> OT1/lmtt/m/n on input line 34.
LaTeX Font Info:    Overwriting math alphabet `\mathbf' in version `bold'
(Font)                  OT1/cmr/bx/n --> OT1/lmr/bx/n on input line 35.
LaTeX Font Info:    Overwriting math alphabet `\mathsf' in version `bold'
(Font)                  OT1/cmss/bx/n --> OT1/lmss/bx/n on input line 36.
LaTeX Font Info:    Overwriting math alphabet `\mathit' in version `bold'
(Font)                  OT1/cmr/bx/it --> OT1/lmr/bx/it on input line 37.
LaTeX Font Info:    Overwriting math alphabet `\mathtt' in version `bold'
(Font)                  OT1/cmtt/m/n --> OT1/lmtt/m/n on input line 38.
)
(/usr/share/texmf/tex/latex/base/textcomp.sty
Package: textcomp 2020/02/02 v2.0n Standard LaTeX package
)
(/usr/share/texmf/tex/latex/base/fontenc.sty
Package: fontenc 2021/04/29 v2.0v Standard LaTeX package

(/usr/share/texmf/tex/latex/greek-fontenc/lgrenc.def
File: lgrenc.def 2023/02/28 2.2 LGR Greek font encoding definitions
Now handling font encoding LGR ...
... no UTF-8 mapping file for font encoding LGR

(/usr/share/texmf/tex/latex/greek-fontenc/greek-fontenc.def
File: greek-fontenc.def 2023/03/08 2.2.1 Common Greek font encoding definitions

))
LaTeX Font Info:    Trying to load font information for T1+lmr on input line 11
2.

(/usr/share/texmf/tex/latex/lm/t1lmr.fd
File: t1lmr.fd 2015/05/01 v1.6.1 Font defs for Latin Modern
)<<t1.cmap>>)
\symupgreek=\mathgroup4
\thesis@tmp=\skip55
)){/var/lib/texmf/fonts/map/pdftex/updmap/pdftex.map}{vafle.map}
(/usr/share/texmf/tex/latex/l3backend/l3backend-pdftex.def
File: l3backend-pdftex.def 2023-01-16 L3 backend support: PDF output (pdfTeX)
\l__color_backend_stack_int=\count308
\l__pdf_internal_box=\box56
)
(./sablona-prace.aux (./text/introduction.aux) (./text/theoretical_part.aux)
(./text/computational_methods.aux) (./text/results_discussion.aux)
(./text/conclusion.aux) (./text/literatura.aux) (./text/zkratky.aux)
(./text/prilohy.aux))
\openout1 = `sablona-prace.aux'.

LaTeX Font Info:    Checking defaults for OML/cmm/m/it on input line 135.
LaTeX Font Info:    ... okay on input line 135.
LaTeX Font Info:    Checking defaults for OMS/cmsy/m/n on input line 135.
LaTeX Font Info:    ... okay on input line 135.
LaTeX Font Info:    Checking defaults for OT1/cmr/m/n on input line 135.
LaTeX Font Info:    ... okay on input line 135.
LaTeX Font Info:    Checking defaults for T1/cmr/m/n on input line 135.
LaTeX Font Info:    ... okay on input line 135.
LaTeX Font Info:    Checking defaults for TS1/cmr/m/n on input line 135.
LaTeX Font Info:    ... okay on input line 135.
LaTeX Font Info:    Checking defaults for OMX/cmex/m/n on input line 135.
LaTeX Font Info:    ... okay on input line 135.
LaTeX Font Info:    Checking defaults for U/cmr/m/n on input line 135.
LaTeX Font Info:    ... okay on input line 135.
LaTeX Font Info:    Checking defaults for PD1/pdf/m/n on input line 135.
LaTeX Font Info:    ... okay on input line 135.
LaTeX Font Info:    Checking defaults for PU/pdf/m/n on input line 135.
LaTeX Font Info:    ... okay on input line 135.
LaTeX Font Info:    Checking defaults for LGR/cmr/m/n on input line 135.
LaTeX Font Info:    Trying to load font information for LGR+cmr on input line 1
35.
 (/usr/share/texmf/tex/latex/cbfonts-fd/lgrcmr.fd
File: lgrcmr.fd 2017/07/29 v1.2 Greek European Computer Regular
)
LaTeX Font Info:    ... okay on input line 135.

*geometry* driver: auto-detecting
*geometry* detected driver: pdftex
*geometry* verbose mode - [ preamble ] result:
* driver: pdftex
* paper: a4paper
* layout: <same size as paper>
* layoutoffset:(h,v)=(0.0pt,0.0pt)
* bindingoffset: 28.45274pt
* modes: twoside 
* h-part:(L,W,R)=(71.13188pt, 426.79137pt, 71.13188pt)
* v-part:(T,H,B)=(71.13188pt, 677.1756pt, 96.73936pt)
* \paperwidth=597.50787pt
* \paperheight=845.04684pt
* \textwidth=426.79137pt
* \textheight=677.1756pt
* \oddsidemargin=27.31464pt
* \evensidemargin=-1.1381pt
* \topmargin=-1.1381pt
* \headheight=0.0pt
* \headsep=0.0pt
* \topskip=12.0pt
* \footskip=48.36967pt
* \marginparwidth=51.21495pt
* \marginparsep=5.69054pt
* \columnsep=10.0pt
* \skip\footins=10.8pt plus 4.0pt minus 2.0pt
* \hoffset=0.0pt
* \voffset=0.0pt
* \mag=1000
* \@twocolumnfalse
* \@twosidetrue
* \@mparswitchtrue
* \@reversemarginfalse
* (1in=72.27pt=25.4mm, 1cm=28.453pt)

(/usr/share/texmf/tex/context/base/mkii/supp-pdf.mkii
[Loading MPS to PDF converter (version 2006.09.02).]
\scratchcounter=\count309
\scratchdimen=\dimen179
\scratchbox=\box57
\nofMPsegments=\count310
\nofMParguments=\count311
\everyMPshowfont=\toks26
\MPscratchCnt=\count312
\MPscratchDim=\dimen180
\MPnumerator=\count313
\makeMPintoPDFobject=\count314
\everyMPtoPDFconversion=\toks27
) (/usr/share/texmf/tex/latex/epstopdf-pkg/epstopdf-base.sty
Package: epstopdf-base 2020-01-24 v2.11 Base part for package epstopdf

(/usr/share/texmf/tex/latex/grfext/grfext.sty
Package: grfext 2019/12/03 v1.3 Manage graphics extensions (HO)
)
Package epstopdf-base Info: Redefining graphics rule for `.eps' on input line 4
85.
Package grfext Info: Graphics extension search list:
(grfext)             [.pdf,.png,.jpg,.mps,.jpeg,.jbig2,.jb2,.PDF,.PNG,.JPG,.JPE
G,.JBIG2,.JB2,.eps]
(grfext)             \AppendGraphicsExtensions on input line 504.

(/usr/share/texmf/tex/latex/latexconfig/epstopdf-sys.cfg
File: epstopdf-sys.cfg 2010/07/13 v1.3 Configuration of (r)epstopdf for TeX Liv
e
))
Package hyperref Info: Link coloring OFF on input line 135.
 (./sablona-prace.out) (./sablona-prace.out)
\@outlinefile=\write3
\openout3 = `sablona-prace.out'.

 (/usr/share/texmf/tex/latex/pdflscape/pdflscape.sty
Package: pdflscape 2022-10-27 v0.13 Display of landscape pages in PDF

(/usr/share/texmf/tex/latex/pdflscape/pdflscape-nometadata.sty
Package: pdflscape-nometadata 2022-10-28 v0.13 Display of landscape pages in PD
F (HO)

(/usr/share/texmf/tex/latex/graphics/lscape.sty
Package: lscape 2020/05/28 v3.02 Landscape Pages (DPC)
)
Package pdflscape Info: Auto-detected driver: pdftex on input line 81.
))
\c@lstlisting=\count315


pdfTeX warning: /usr/bin/pdflatex (file ./pdf/student-titulka.pdf): PDF inclusi
on: found PDF version <1.7>, but at most version <1.5> allowed
<pdf/student-titulka.pdf, id=65, 597.55246pt x 845.07724pt>
File: pdf/student-titulka.pdf Graphic file (type pdf)
<use pdf/student-titulka.pdf>
Package pdftex.def Info: pdf/student-titulka.pdf  used on input line 150.
(pdftex.def)             Requested size: 597.551pt x 845.07518pt.


pdfTeX warning: /usr/bin/pdflatex (file ./pdf/student-titulka.pdf): PDF inclusi
on: found PDF version <1.7>, but at most version <1.5> allowed
File: pdf/student-titulka.pdf Graphic file (type pdf)
<use pdf/student-titulka.pdf>
Package pdftex.def Info: pdf/student-titulka.pdf  used on input line 150.
(pdftex.def)             Requested size: 597.551pt x 845.07518pt.


pdfTeX warning: /usr/bin/pdflatex (file ./pdf/student-titulka.pdf): PDF inclusi
on: found PDF version <1.7>, but at most version <1.5> allowed


pdfTeX warning: /usr/bin/pdflatex (file ./pdf/student-titulka.pdf): PDF inclusi
on: found PDF version <1.7>, but at most version <1.5> allowed
<pdf/student-titulka.pdf, id=68, page=1, 597.55246pt x 845.07724pt>
File: pdf/student-titulka.pdf Graphic file (type pdf)
<use pdf/student-titulka.pdf, page 1>
Package pdftex.def Info: pdf/student-titulka.pdf , page1 used on input line 150
.
(pdftex.def)             Requested size: 597.551pt x 845.07518pt.
File: pdf/student-titulka.pdf Graphic file (type pdf)
<use pdf/student-titulka.pdf, page 1>
Package pdftex.def Info: pdf/student-titulka.pdf , page1 used on input line 150
.
(pdftex.def)             Requested size: 597.57834pt x 845.11386pt.
File: pdf/student-titulka.pdf Graphic file (type pdf)
<use pdf/student-titulka.pdf, page 1>
Package pdftex.def Info: pdf/student-titulka.pdf , page1 used on input line 150
.
(pdftex.def)             Requested size: 597.57834pt x 845.11386pt.
File: pdf/student-titulka.pdf Graphic file (type pdf)
<use pdf/student-titulka.pdf, page 1>
Package pdftex.def Info: pdf/student-titulka.pdf , page1 used on input line 150
.
(pdftex.def)             Requested size: 597.57834pt x 845.11386pt.
File: pdf/student-titulka.pdf Graphic file (type pdf)
<use pdf/student-titulka.pdf, page 1>
Package pdftex.def Info: pdf/student-titulka.pdf , page1 used on input line 150
.
(pdftex.def)             Requested size: 597.57834pt x 845.11386pt.
[1

 <./pdf/student-titulka.pdf>] [2

]
<pdf/student-zadani.pdf, id=95, 597.45204pt x 845.1575pt>
File: pdf/student-zadani.pdf Graphic file (type pdf)
<use pdf/student-zadani.pdf>
Package pdftex.def Info: pdf/student-zadani.pdf  used on input line 158.
(pdftex.def)             Requested size: 597.45058pt x 845.15544pt.
File: pdf/student-zadani.pdf Graphic file (type pdf)
<use pdf/student-zadani.pdf>
Package pdftex.def Info: pdf/student-zadani.pdf  used on input line 158.
(pdftex.def)             Requested size: 597.45058pt x 845.15544pt.
<pdf/student-zadani.pdf, id=98, page=1, 597.45204pt x 845.1575pt>
File: pdf/student-zadani.pdf Graphic file (type pdf)
<use pdf/student-zadani.pdf, page 1>
Package pdftex.def Info: pdf/student-zadani.pdf , page1 used on input line 158.

(pdftex.def)             Requested size: 597.45058pt x 845.15544pt.
File: pdf/student-zadani.pdf Graphic file (type pdf)
<use pdf/student-zadani.pdf, page 1>
Package pdftex.def Info: pdf/student-zadani.pdf , page1 used on input line 158.

(pdftex.def)             Requested size: 597.47792pt x 845.19412pt.
File: pdf/student-zadani.pdf Graphic file (type pdf)
<use pdf/student-zadani.pdf, page 1>
Package pdftex.def Info: pdf/student-zadani.pdf , page1 used on input line 158.

(pdftex.def)             Requested size: 597.47792pt x 845.19412pt.
File: pdf/student-zadani.pdf Graphic file (type pdf)
<use pdf/student-zadani.pdf, page 1>
Package pdftex.def Info: pdf/student-zadani.pdf , page1 used on input line 158.

(pdftex.def)             Requested size: 597.47792pt x 845.19412pt.
File: pdf/student-zadani.pdf Graphic file (type pdf)
<use pdf/student-zadani.pdf, page 1>
Package pdftex.def Info: pdf/student-zadani.pdf , page1 used on input line 158.

(pdftex.def)             Requested size: 597.47792pt x 845.19412pt.
 [3 <./pdf/student-zadani.pdf>] [4

]
LaTeX Font Info:    Trying to load font information for T1+lmss on input line 1
67.

(/usr/share/texmf/tex/latex/lm/t1lmss.fd
File: t1lmss.fd 2015/05/01 v1.6.1 Font defs for Latin Modern
)
LaTeX Font Info:    Trying to load font information for OT1+lmr on input line 1
67.

(/usr/share/texmf/tex/latex/lm/ot1lmr.fd
File: ot1lmr.fd 2015/05/01 v1.6.1 Font defs for Latin Modern
)<<ot1.cmap>>
LaTeX Font Info:    Trying to load font information for OML+lmm on input line 1
67.

(/usr/share/texmf/tex/latex/lm/omllmm.fd
File: omllmm.fd 2015/05/01 v1.6.1 Font defs for Latin Modern
)
LaTeX Font Info:    Trying to load font information for OMS+lmsy on input line 
167.

(/usr/share/texmf/tex/latex/lm/omslmsy.fd
File: omslmsy.fd 2015/05/01 v1.6.1 Font defs for Latin Modern
)
LaTeX Font Info:    Trying to load font information for OMX+lmex on input line 
167.

(/usr/share/texmf/tex/latex/lm/omxlmex.fd
File: omxlmex.fd 2015/05/01 v1.6.1 Font defs for Latin Modern
)
LaTeX Font Info:    External font `lmex10' loaded for size
(Font)              <12> on input line 167.
LaTeX Font Info:    External font `lmex10' loaded for size
(Font)              <8> on input line 167.
LaTeX Font Info:    External font `lmex10' loaded for size
(Font)              <6> on input line 167.
<<lgr.cmap>>
LaTeX Font Info:    External font `lmex10' loaded for size
(Font)              <10> on input line 167.
LaTeX Font Info:    External font `lmex10' loaded for size
(Font)              <7> on input line 167.
LaTeX Font Info:    External font `lmex10' loaded for size
(Font)              <5> on input line 167.
LaTeX Font Info:    Trying to load font information for T1+lmtt on input line 1
67.

(/usr/share/texmf/tex/latex/lm/t1lmtt.fd
File: t1lmtt.fd 2015/05/01 v1.6.1 Font defs for Latin Modern
) [5

{/usr/share/texmf/fonts/enc/dvips/lm/lm-ec.enc}] (./text/rozsireny_abstrakt.tex
 [6

])
Overfull \hbox (0.22023pt too wide) in paragraph at lines 4--173
\T1/lmr/m/it/12 Nebude-li vnit°ní nor-mou stanoveno ji-nak, do-poru£uje se roz²
í°ený ab-strakt o rozsahu
 []

[7] [8

] [9] [10

]
LaTeX Font Info:    Trying to load font information for TS1+lmr on input line 1
78.
 (/usr/share/texmf/tex/latex/lm/ts1lmr.fd
File: ts1lmr.fd 2015/05/01 v1.6.1 Font defs for Latin Modern
) [11{/usr/share/texmf/fonts/enc/dvips/lm/lm-mathsy.enc}{/usr/share/texmf/fonts
/enc/dvips/lm/lm-ts1.enc}] [12

] [13] [14

] (./sablona-prace.toc
LaTeX Font Info:    Font shape `T1/lmtt/bx/n' in size <12> not available
(Font)              Font shape `T1/lmtt/b/n' tried instead on input line 13.
)
\tf@toc=\write4
\openout4 = `sablona-prace.toc'.

 [15

] [16

] (./sablona-prace.lof)
\tf@lof=\write5
\openout5 = `sablona-prace.lof'.


[17] [18

] (./sablona-prace.lot)
\tf@lot=\write6
\openout6 = `sablona-prace.lot'.

 [19] [20

] (./sablona-prace.lol)
\tf@lol=\write7
\openout7 = `sablona-prace.lol'.

 [21] [22

]
\openout2 = `text/introduction.aux'.


(./text/introduction.tex
Package acronym Info: Label `acro:symfvz' newly defined as it shall be overridd
en
although it is yet undefined on input line 14.
) [23


{/usr/share/texmf/fonts/enc/dvips/lm/lm-mathit.enc}]
\openout2 = `text/theoretical_part.aux'.

 (./text/theoretical_part.tex [24




]) [25]
\openout2 = `text/computational_methods.aux'.

 (./text/computational_methods.tex
[26




]) [27]
\openout2 = `text/results_discussion.aux'.

 (./text/results_discussion.tex [28




]) [29]
\openout2 = `text/conclusion.aux'.

 (./text/conclusion.tex
[30




]) [31]
\openout2 = `text/literatura.aux'.

 (./text/literatura.tex [32




]
LaTeX Font Info:    External font `lmex10' loaded for size
(Font)              <10.95> on input line 15.

Underfull \hbox (badness 10000) in paragraph at lines 9--17
[]$\T1/lmtt/m/n/10.95 https : / / www . vut . cz / uredni-[]deska / vnitrni-[]p
redpisy-[]a-[]dokumenty /
 []


Overfull \hbox (53.80438pt too wide) in paragraph at lines 9--17
\T1/lmtt/m/n/10.95 smernice-[]c-[]72-[]2017-[]uprava-[]odevzdavani-[]a-[]zverej
novani-[]zaverecnych-[]praci-[]d161410$[]\T1/lmr/m/n/10.95 .
 []


Underfull \hbox (badness 1184) in paragraph at lines 48--52
[]\T1/lmr/m/n/12 WALTER, G.G. a SHEN, X. \T1/lmr/m/it/12 Wavelets and Other Or-
thog-o-nal Sys-tems\T1/lmr/m/n/12 .
 []

) [33]
\openout2 = `text/zkratky.aux'.

 (./text/zkratky.tex [34




]) [35

] [36



] (./sablona-prace.toa)
\tf@toa=\write8
\openout8 = `sablona-prace.toa'.

 [37]
\openout2 = `text/prilohy.aux'.


(./text/prilohy.tex [38


]
LaTeX Font Info:    Font shape `T1/lmtt/bx/n' in size <20.74> not available
(Font)              Font shape `T1/lmtt/b/n' tried instead on input line 1.
 [39{/usr/share/texmf/fonts/enc/dvips/lm/lm-rm.enc}]
[40

]
<obrazky/ZlepseneWilsonovoZrcadloNPN.png, id=362, 556.0775pt x 434.62375pt>
File: obrazky/ZlepseneWilsonovoZrcadloNPN.png Graphic file (type png)
<use obrazky/ZlepseneWilsonovoZrcadloNPN.png>
Package pdftex.def Info: obrazky/ZlepseneWilsonovoZrcadloNPN.png  used on input
 line 61.
(pdftex.def)             Requested size: 278.03807pt x 217.31134pt.
 [41 <./obrazky/ZlepseneWilsonovoZrcadloNPN.png>] [42

]
LaTeX Font Info:    Font shape `T1/lmtt/bx/n' in size <17.28> not available
(Font)              Font shape `T1/lmtt/b/n' tried instead on input line 75.

(/usr/share/texmf/tex/latex/listings/lstlang1.sty
File: lstlang1.sty 2023/02/27 1.9 listings language file
)
(/usr/share/texmf/tex/latex/listings/lstlang2.sty
File: lstlang2.sty 2023/02/27 1.9 listings language file
)
(/usr/share/texmf/tex/latex/listings/lstlang3.sty
File: lstlang3.sty 2023/02/27 1.9 listings language file
)
(/usr/share/texmf/tex/latex/listings/lstlang1.sty
File: lstlang1.sty 2023/02/27 1.9 listings language file
)
(/usr/share/texmf/tex/latex/listings/lstlang2.sty
File: lstlang2.sty 2023/02/27 1.9 listings language file
)
(/usr/share/texmf/tex/latex/listings/lstlang3.sty
File: lstlang3.sty 2023/02/27 1.9 listings language file
)
(/usr/share/texmf/tex/latex/listings/lstlang1.sty
File: lstlang1.sty 2023/02/27 1.9 listings language file
)
(/usr/share/texmf/tex/latex/listings/lstlang2.sty
File: lstlang2.sty 2023/02/27 1.9 listings language file
)
(/usr/share/texmf/tex/latex/listings/lstlang3.sty
File: lstlang3.sty 2023/02/27 1.9 listings language file
)
(/usr/share/texmf/tex/latex/listings/lstmisc.sty
File: lstmisc.sty 2023/02/27 1.9 (Carsten Heinz)
) (./text/zkratky.tex)
Overfull \hbox (20.62134pt too wide) in paragraph at lines 99--102
\T1/lmr/m/n/12 ’í°ka textu vo-litel-ného parametru [][]\T1/lmtt/m/n/12 KolikMis
ta []\T1/lmr/m/n/12 udává ²í°ku prvního sloupce se zkratkami.
 []

Package hyperref Info: bookmark level for unknown lstlisting defaults to 0 on i
nput line 104.
(./text/zkratky.tex) (./text/zkratky.tex) [43]
(/usr/share/texmf/tex/latex/listings/lstlang1.sty
File: lstlang1.sty 2023/02/27 1.9 listings language file
)
LaTeX Font Info:    Font shape `T1/lmtt/bx/n' in size <10.95> not available
(Font)              Font shape `T1/lmtt/b/n' tried instead on input line 174.

Underfull \vbox (badness 10000) has occurred while \output is active []

 [44

]
[45] [46

]
Overfull \hbox (3.72125pt too wide) in paragraph at lines 209--211
\T1/lmr/m/n/12 Vk-ládá se do in-for-ma£ního sys-tému VUT v Brn¥ ve vhod-ném for
-mátu (ZIP, PDF...). 
 []

) [47]
\c@page@count=\count316
 (./sablona-prace.aux (./text/introduction.aux)
(./text/theoretical_part.aux) (./text/computational_methods.aux)
(./text/results_discussion.aux) (./text/conclusion.aux) (./text/literatura.aux)
(./text/zkratky.aux) (./text/prilohy.aux))
Package rerunfilecheck Info: File `sablona-prace.out' has not changed.
(rerunfilecheck)             Checksum: A0A8B906D42D850436E255701B62BC11;2653.
 ) 
Here is how much of TeX's memory you used:
 18458 strings out of 477062
 289978 string characters out of 5816277
 1912388 words of memory out of 5000000
 38100 multiletter control sequences out of 15000+600000
 685524 words of font info for 115 fonts, out of 8000000 for 9000
 475 hyphenation exceptions out of 8191
 75i,17n,78p,597b,2353s stack positions out of 10000i,1000n,20000p,200000b,200000s
</usr/share/texmf/fonts/type1/public/cbfonts/grmn1200.pfb></usr/share/texmf/f
onts/type1/public/lm/lmbx10.pfb></usr/share/texmf/fonts/type1/public/lm/lmbx12.
pfb></usr/share/texmf/fonts/type1/public/lm/lmbxi10.pfb></usr/share/texmf/fonts
/type1/public/lm/lmmi10.pfb></usr/share/texmf/fonts/type1/public/lm/lmmi12.pfb>
</usr/share/texmf/fonts/type1/public/lm/lmr10.pfb></usr/share/texmf/fonts/type1
/public/lm/lmr12.pfb></usr/share/texmf/fonts/type1/public/lm/lmr7.pfb></usr/sha
re/texmf/fonts/type1/public/lm/lmr8.pfb></usr/share/texmf/fonts/type1/public/lm
/lmri10.pfb></usr/share/texmf/fonts/type1/public/lm/lmri12.pfb></usr/share/texm
f/fonts/type1/public/lm/lmss12.pfb></usr/share/texmf/fonts/type1/public/lm/lmss
bx10.pfb></usr/share/texmf/fonts/type1/public/lm/lmsso12.pfb></usr/share/texmf/
fonts/type1/public/lm/lmsy10.pfb></usr/share/texmf/fonts/type1/public/lm/lmtk10
.pfb></usr/share/texmf/fonts/type1/public/lm/lmtt10.pfb></usr/share/texmf/fonts
/type1/public/lm/lmtt12.pfb></usr/share/texmf/fonts/type1/public/lm/lmtti10.pfb
>
Output written on sablona-prace.pdf (47 pages, 642078 bytes).
PDF statistics:
 585 PDF objects out of 1000 (max. 8388607)
 481 compressed objects within 5 object streams
 157 named destinations out of 1000 (max. 500000)
 178 words of extra memory for PDF output out of 10000 (max. 10000000)

